[12Nov 12:03:21] INFO [django.utils.autoreload:677] Watching for file changes with StatReloader
[12Nov 12:03:24] WARNING [django.request:241] Not Found: /favicon.ico
[12Nov 12:03:56] INFO [django.utils.autoreload:266] D:\FullStack projects\diabet_daily\stats\admin.py changed, reloading.
[12Nov 12:03:57] INFO [django.utils.autoreload:677] Watching for file changes with StatReloader
[12Nov 12:04:28] INFO [django.utils.autoreload:266] D:\FullStack projects\diabet_daily\stats\admin.py changed, reloading.
[12Nov 12:04:29] INFO [django.utils.autoreload:677] Watching for file changes with StatReloader
[12Nov 12:04:55] INFO [django.utils.autoreload:266] D:\FullStack projects\diabet_daily\stats\admin.py changed, reloading.
[12Nov 12:04:58] INFO [django.utils.autoreload:677] Watching for file changes with StatReloader
[12Nov 12:05:25] INFO [django.utils.autoreload:266] D:\FullStack projects\diabet_daily\stats\admin.py changed, reloading.
[12Nov 12:05:26] INFO [django.utils.autoreload:677] Watching for file changes with StatReloader
[12Nov 12:06:09] INFO [django.utils.autoreload:266] D:\FullStack projects\diabet_daily\stats\admin.py changed, reloading.
[12Nov 12:06:10] INFO [django.utils.autoreload:677] Watching for file changes with StatReloader
[12Nov 12:09:31] INFO [django.utils.autoreload:266] D:\FullStack projects\diabet_daily\diabet_daily\urls.py changed, reloading.
[12Nov 12:09:32] INFO [django.utils.autoreload:677] Watching for file changes with StatReloader
[12Nov 12:10:23] INFO [django.utils.autoreload:266] D:\FullStack projects\diabet_daily\api\urls.py changed, reloading.
[12Nov 12:10:24] INFO [django.utils.autoreload:677] Watching for file changes with StatReloader
[12Nov 14:30:19] INFO [django.utils.autoreload:266] D:\FullStack projects\diabet_daily\api\urls.py changed, reloading.
[12Nov 14:30:20] INFO [django.utils.autoreload:677] Watching for file changes with StatReloader
[12Nov 14:30:41] INFO [django.utils.autoreload:266] D:\FullStack projects\diabet_daily\stats\views.py changed, reloading.
[12Nov 14:30:43] INFO [django.utils.autoreload:677] Watching for file changes with StatReloader
[12Nov 14:30:48] ERROR [django.request:241] Internal Server Error: /add_data/
Traceback (most recent call last):
  File "D:\FullStack projects\diabet_daily\venv\lib\site-packages\django\core\handlers\exception.py", line 55, in inner
    response = get_response(request)
  File "D:\FullStack projects\diabet_daily\venv\lib\site-packages\django\core\handlers\base.py", line 204, in _get_response
    self.check_response(response, callback)
  File "D:\FullStack projects\diabet_daily\venv\lib\site-packages\django\core\handlers\base.py", line 332, in check_response
    raise ValueError(
ValueError: The view stats.views.add_sugar_data didn't return an HttpResponse object. It returned None instead.
[12Nov 14:33:47] WARNING [django.security.csrf:241] Forbidden (CSRF cookie not set.): /add_data/
[12Nov 14:37:22] INFO [django.utils.autoreload:266] D:\FullStack projects\diabet_daily\stats\views.py changed, reloading.
[12Nov 14:37:23] INFO [django.utils.autoreload:677] Watching for file changes with StatReloader
[12Nov 14:37:26] INFO [django.utils.autoreload:266] D:\FullStack projects\diabet_daily\stats\views.py changed, reloading.
[12Nov 14:37:27] INFO [django.utils.autoreload:677] Watching for file changes with StatReloader
[12Nov 14:37:33] ERROR [django.request:241] Internal Server Error: /add_data/
Traceback (most recent call last):
  File "D:\FullStack projects\diabet_daily\venv\lib\site-packages\django\core\handlers\exception.py", line 55, in inner
    response = get_response(request)
  File "D:\FullStack projects\diabet_daily\venv\lib\site-packages\django\core\handlers\base.py", line 197, in _get_response
    response = wrapped_callback(request, *callback_args, **callback_kwargs)
  File "D:\FullStack projects\diabet_daily\venv\lib\site-packages\django\views\decorators\csrf.py", line 54, in wrapped_view
    return view_func(*args, **kwargs)
  File "D:\FullStack projects\diabet_daily\stats\views.py", line 17, in add_sugar_data
    print(request.data)
AttributeError: 'WSGIRequest' object has no attribute 'data'
[12Nov 14:39:13] INFO [django.utils.autoreload:266] D:\FullStack projects\diabet_daily\stats\views.py changed, reloading.
[12Nov 14:39:14] INFO [django.utils.autoreload:677] Watching for file changes with StatReloader
[12Nov 14:39:22] ERROR [django.request:241] Internal Server Error: /add_data/
Traceback (most recent call last):
  File "D:\FullStack projects\diabet_daily\venv\lib\site-packages\django\core\handlers\exception.py", line 55, in inner
    response = get_response(request)
  File "D:\FullStack projects\diabet_daily\venv\lib\site-packages\django\core\handlers\base.py", line 204, in _get_response
    self.check_response(response, callback)
  File "D:\FullStack projects\diabet_daily\venv\lib\site-packages\django\core\handlers\base.py", line 332, in check_response
    raise ValueError(
ValueError: The view stats.views.add_sugar_data didn't return an HttpResponse object. It returned None instead.
[12Nov 14:39:38] INFO [django.utils.autoreload:266] D:\FullStack projects\diabet_daily\stats\views.py changed, reloading.
[12Nov 14:39:39] INFO [django.utils.autoreload:677] Watching for file changes with StatReloader
[12Nov 14:39:54] INFO [django.utils.autoreload:266] D:\FullStack projects\diabet_daily\stats\views.py changed, reloading.
[12Nov 14:39:55] INFO [django.utils.autoreload:677] Watching for file changes with StatReloader
[12Nov 14:40:06] INFO [django.utils.autoreload:266] D:\FullStack projects\diabet_daily\stats\views.py changed, reloading.
[12Nov 14:40:07] INFO [django.utils.autoreload:677] Watching for file changes with StatReloader
[12Nov 14:41:25] INFO [django.utils.autoreload:266] D:\FullStack projects\diabet_daily\stats\views.py changed, reloading.
[12Nov 14:41:26] INFO [django.utils.autoreload:677] Watching for file changes with StatReloader
[12Nov 14:42:17] INFO [django.utils.autoreload:266] D:\FullStack projects\diabet_daily\stats\views.py changed, reloading.
[12Nov 14:42:18] INFO [django.utils.autoreload:677] Watching for file changes with StatReloader
[12Nov 14:43:25] INFO [django.utils.autoreload:266] D:\FullStack projects\diabet_daily\stats\views.py changed, reloading.
[12Nov 14:43:26] INFO [django.utils.autoreload:677] Watching for file changes with StatReloader
[12Nov 14:44:35] INFO [django.utils.autoreload:266] D:\FullStack projects\diabet_daily\stats\views.py changed, reloading.
[12Nov 14:44:36] INFO [django.utils.autoreload:677] Watching for file changes with StatReloader
[12Nov 14:44:38] INFO [django.utils.autoreload:266] D:\FullStack projects\diabet_daily\stats\views.py changed, reloading.
[12Nov 14:44:39] INFO [django.utils.autoreload:677] Watching for file changes with StatReloader
[12Nov 14:46:58] INFO [django.utils.autoreload:266] D:\FullStack projects\diabet_daily\stats\views.py changed, reloading.
[12Nov 14:46:59] INFO [django.utils.autoreload:677] Watching for file changes with StatReloader
[12Nov 14:47:04] ERROR [django.request:241] Internal Server Error: /add_data/
Traceback (most recent call last):
  File "D:\FullStack projects\diabet_daily\venv\lib\site-packages\django\core\handlers\exception.py", line 55, in inner
    response = get_response(request)
  File "D:\FullStack projects\diabet_daily\venv\lib\site-packages\django\core\handlers\base.py", line 204, in _get_response
    self.check_response(response, callback)
  File "D:\FullStack projects\diabet_daily\venv\lib\site-packages\django\core\handlers\base.py", line 332, in check_response
    raise ValueError(
ValueError: The view stats.views.add_sugar_data didn't return an HttpResponse object. It returned None instead.
[12Nov 14:47:26] INFO [django.utils.autoreload:266] D:\FullStack projects\diabet_daily\stats\views.py changed, reloading.
[12Nov 14:47:26] INFO [django.utils.autoreload:677] Watching for file changes with StatReloader
[12Nov 14:51:45] INFO [django.utils.autoreload:266] D:\FullStack projects\diabet_daily\stats\views.py changed, reloading.
[12Nov 14:51:46] INFO [django.utils.autoreload:677] Watching for file changes with StatReloader
[12Nov 14:54:00] INFO [django.utils.autoreload:266] D:\FullStack projects\diabet_daily\stats\models.py changed, reloading.
[12Nov 14:54:01] INFO [django.utils.autoreload:677] Watching for file changes with StatReloader
[12Nov 14:54:20] INFO [django.utils.autoreload:677] Watching for file changes with StatReloader
[12Nov 14:55:48] INFO [django.utils.autoreload:266] D:\FullStack projects\diabet_daily\stats\views.py changed, reloading.
[12Nov 14:55:49] INFO [django.utils.autoreload:677] Watching for file changes with StatReloader
[12Nov 14:56:12] INFO [django.utils.autoreload:266] D:\FullStack projects\diabet_daily\stats\views.py changed, reloading.
[12Nov 14:56:13] INFO [django.utils.autoreload:677] Watching for file changes with StatReloader
